Analysis & Synthesis report for LAB08
Mon Jun 09 19:07:38 2025
Quartus II 64-Bit Version 13.1.0 Build 162 10/23/2013 SJ Web Edition


---------------------
; Table of Contents ;
---------------------
  1. Legal Notice
  2. Analysis & Synthesis Summary
  3. Analysis & Synthesis Settings
  4. Parallel Compilation
  5. Analysis & Synthesis Source Files Read
  6. Analysis & Synthesis Resource Usage Summary
  7. Analysis & Synthesis Resource Utilization by Entity
  8. General Register Statistics
  9. Multiplexer Restructuring Statistics (Restructuring Performed)
 10. Elapsed Time Per Partition
 11. Analysis & Synthesis Messages



----------------
; Legal Notice ;
----------------
Copyright (C) 1991-2013 Altera Corporation
Your use of Altera Corporation's design tools, logic functions 
and other software and tools, and its AMPP partner logic 
functions, and any output files from any of the foregoing 
(including device programming or simulation files), and any 
associated documentation or information are expressly subject 
to the terms and conditions of the Altera Program License 
Subscription Agreement, Altera MegaCore Function License 
Agreement, or other applicable license agreement, including, 
without limitation, that your use is for the sole purpose of 
programming logic devices manufactured by Altera and sold by 
Altera or its authorized distributors.  Please refer to the 
applicable agreement for further details.



+---------------------------------------------------------------------------------+
; Analysis & Synthesis Summary                                                    ;
+------------------------------------+--------------------------------------------+
; Analysis & Synthesis Status        ; Successful - Mon Jun 09 19:07:38 2025      ;
; Quartus II 64-Bit Version          ; 13.1.0 Build 162 10/23/2013 SJ Web Edition ;
; Revision Name                      ; LAB08                                      ;
; Top-level Entity Name              ; LAB08                                      ;
; Family                             ; Cyclone III                                ;
; Total logic elements               ; 58                                         ;
;     Total combinational functions  ; 58                                         ;
;     Dedicated logic registers      ; 32                                         ;
; Total registers                    ; 32                                         ;
; Total pins                         ; 25                                         ;
; Total virtual pins                 ; 0                                          ;
; Total memory bits                  ; 0                                          ;
; Embedded Multiplier 9-bit elements ; 0                                          ;
; Total PLLs                         ; 0                                          ;
+------------------------------------+--------------------------------------------+


+----------------------------------------------------------------------------------------------------------------------+
; Analysis & Synthesis Settings                                                                                        ;
+----------------------------------------------------------------------------+--------------------+--------------------+
; Option                                                                     ; Setting            ; Default Value      ;
+----------------------------------------------------------------------------+--------------------+--------------------+
; Device                                                                     ; EP3C16F484C6       ;                    ;
; Top-level entity name                                                      ; LAB08              ; LAB08              ;
; Family name                                                                ; Cyclone III        ; Cyclone IV GX      ;
; Use smart compilation                                                      ; Off                ; Off                ;
; Enable parallel Assembler and TimeQuest Timing Analyzer during compilation ; On                 ; On                 ;
; Enable compact report table                                                ; Off                ; Off                ;
; Restructure Multiplexers                                                   ; Auto               ; Auto               ;
; Create Debugging Nodes for IP Cores                                        ; Off                ; Off                ;
; Preserve fewer node names                                                  ; On                 ; On                 ;
; Disable OpenCore Plus hardware evaluation                                  ; Off                ; Off                ;
; Verilog Version                                                            ; Verilog_2001       ; Verilog_2001       ;
; VHDL Version                                                               ; VHDL_1993          ; VHDL_1993          ;
; State Machine Processing                                                   ; Auto               ; Auto               ;
; Safe State Machine                                                         ; Off                ; Off                ;
; Extract Verilog State Machines                                             ; On                 ; On                 ;
; Extract VHDL State Machines                                                ; On                 ; On                 ;
; Ignore Verilog initial constructs                                          ; Off                ; Off                ;
; Iteration limit for constant Verilog loops                                 ; 5000               ; 5000               ;
; Iteration limit for non-constant Verilog loops                             ; 250                ; 250                ;
; Add Pass-Through Logic to Inferred RAMs                                    ; On                 ; On                 ;
; Infer RAMs from Raw Logic                                                  ; On                 ; On                 ;
; Parallel Synthesis                                                         ; On                 ; On                 ;
; DSP Block Balancing                                                        ; Auto               ; Auto               ;
; NOT Gate Push-Back                                                         ; On                 ; On                 ;
; Power-Up Don't Care                                                        ; On                 ; On                 ;
; Remove Redundant Logic Cells                                               ; Off                ; Off                ;
; Remove Duplicate Registers                                                 ; On                 ; On                 ;
; Ignore CARRY Buffers                                                       ; Off                ; Off                ;
; Ignore CASCADE Buffers                                                     ; Off                ; Off                ;
; Ignore GLOBAL Buffers                                                      ; Off                ; Off                ;
; Ignore ROW GLOBAL Buffers                                                  ; Off                ; Off                ;
; Ignore LCELL Buffers                                                       ; Off                ; Off                ;
; Ignore SOFT Buffers                                                        ; On                 ; On                 ;
; Limit AHDL Integers to 32 Bits                                             ; Off                ; Off                ;
; Optimization Technique                                                     ; Balanced           ; Balanced           ;
; Carry Chain Length                                                         ; 70                 ; 70                 ;
; Auto Carry Chains                                                          ; On                 ; On                 ;
; Auto Open-Drain Pins                                                       ; On                 ; On                 ;
; Perform WYSIWYG Primitive Resynthesis                                      ; Off                ; Off                ;
; Auto ROM Replacement                                                       ; On                 ; On                 ;
; Auto RAM Replacement                                                       ; On                 ; On                 ;
; Auto DSP Block Replacement                                                 ; On                 ; On                 ;
; Auto Shift Register Replacement                                            ; Auto               ; Auto               ;
; Allow Shift Register Merging across Hierarchies                            ; Auto               ; Auto               ;
; Auto Clock Enable Replacement                                              ; On                 ; On                 ;
; Strict RAM Replacement                                                     ; Off                ; Off                ;
; Allow Synchronous Control Signals                                          ; On                 ; On                 ;
; Force Use of Synchronous Clear Signals                                     ; Off                ; Off                ;
; Auto RAM Block Balancing                                                   ; On                 ; On                 ;
; Auto RAM to Logic Cell Conversion                                          ; Off                ; Off                ;
; Auto Resource Sharing                                                      ; Off                ; Off                ;
; Allow Any RAM Size For Recognition                                         ; Off                ; Off                ;
; Allow Any ROM Size For Recognition                                         ; Off                ; Off                ;
; Allow Any Shift Register Size For Recognition                              ; Off                ; Off                ;
; Use LogicLock Constraints during Resource Balancing                        ; On                 ; On                 ;
; Ignore translate_off and synthesis_off directives                          ; Off                ; Off                ;
; Timing-Driven Synthesis                                                    ; On                 ; On                 ;
; Report Parameter Settings                                                  ; On                 ; On                 ;
; Report Source Assignments                                                  ; On                 ; On                 ;
; Report Connectivity Checks                                                 ; On                 ; On                 ;
; Ignore Maximum Fan-Out Assignments                                         ; Off                ; Off                ;
; Synchronization Register Chain Length                                      ; 2                  ; 2                  ;
; PowerPlay Power Optimization                                               ; Normal compilation ; Normal compilation ;
; HDL message level                                                          ; Level2             ; Level2             ;
; Suppress Register Optimization Related Messages                            ; Off                ; Off                ;
; Number of Removed Registers Reported in Synthesis Report                   ; 5000               ; 5000               ;
; Number of Swept Nodes Reported in Synthesis Report                         ; 5000               ; 5000               ;
; Number of Inverted Registers Reported in Synthesis Report                  ; 100                ; 100                ;
; Clock MUX Protection                                                       ; On                 ; On                 ;
; Auto Gated Clock Conversion                                                ; Off                ; Off                ;
; Block Design Naming                                                        ; Auto               ; Auto               ;
; SDC constraint protection                                                  ; Off                ; Off                ;
; Synthesis Effort                                                           ; Auto               ; Auto               ;
; Shift Register Replacement - Allow Asynchronous Clear Signal               ; On                 ; On                 ;
; Pre-Mapping Resynthesis Optimization                                       ; Off                ; Off                ;
; Analysis & Synthesis Message Level                                         ; Medium             ; Medium             ;
; Disable Register Merging Across Hierarchies                                ; Auto               ; Auto               ;
; Resource Aware Inference For Block RAM                                     ; On                 ; On                 ;
; Synthesis Seed                                                             ; 1                  ; 1                  ;
+----------------------------------------------------------------------------+--------------------+--------------------+


+------------------------------------------+
; Parallel Compilation                     ;
+----------------------------+-------------+
; Processors                 ; Number      ;
+----------------------------+-------------+
; Number detected on machine ; 12          ;
; Maximum allowed            ; 6           ;
;                            ;             ;
; Average used               ; 1.00        ;
; Maximum used               ; 6           ;
;                            ;             ;
; Usage by Processor         ; % Time Used ;
;     Processor 1            ; 100.0%      ;
;     Processors 2-6         ; < 0.1%      ;
;     Processors 7-12        ;   0.0%      ;
+----------------------------+-------------+


+-------------------------------------------------------------------------------------------------------------------------------------------------------------------------------------------+
; Analysis & Synthesis Source Files Read                                                                                                                                                    ;
+----------------------------------+-----------------+------------------------------------------+---------------------------------------------------------------------------------+---------+
; File Name with User-Entered Path ; Used in Netlist ; File Type                                ; File Name with Absolute Path                                                    ; Library ;
+----------------------------------+-----------------+------------------------------------------+---------------------------------------------------------------------------------+---------+
; LAB08.bdf                        ; yes             ; User Block Diagram/Schematic File        ; C:/altera/Quartus/GitCopia/INF01058-CircuitosDigitais/LAB08/LAB08/LAB08.bdf     ;         ;
; display7.bdf                     ; yes             ; Auto-Found Block Diagram/Schematic File  ; C:/altera/Quartus/GitCopia/INF01058-CircuitosDigitais/LAB08/LAB08/display7.bdf  ;         ;
; display_a.bdf                    ; yes             ; Auto-Found Block Diagram/Schematic File  ; C:/altera/Quartus/GitCopia/INF01058-CircuitosDigitais/LAB08/LAB08/display_a.bdf ;         ;
; display_b.bdf                    ; yes             ; Auto-Found Block Diagram/Schematic File  ; C:/altera/Quartus/GitCopia/INF01058-CircuitosDigitais/LAB08/LAB08/display_b.bdf ;         ;
; diplay_c.bdf                     ; yes             ; Auto-Found Block Diagram/Schematic File  ; C:/altera/Quartus/GitCopia/INF01058-CircuitosDigitais/LAB08/LAB08/diplay_c.bdf  ;         ;
; display_d.bdf                    ; yes             ; Auto-Found Block Diagram/Schematic File  ; C:/altera/Quartus/GitCopia/INF01058-CircuitosDigitais/LAB08/LAB08/display_d.bdf ;         ;
; display_e.bdf                    ; yes             ; Auto-Found Block Diagram/Schematic File  ; C:/altera/Quartus/GitCopia/INF01058-CircuitosDigitais/LAB08/LAB08/display_e.bdf ;         ;
; display_f.bdf                    ; yes             ; Auto-Found Block Diagram/Schematic File  ; C:/altera/Quartus/GitCopia/INF01058-CircuitosDigitais/LAB08/LAB08/display_f.bdf ;         ;
; display_g.bdf                    ; yes             ; Auto-Found Block Diagram/Schematic File  ; C:/altera/Quartus/GitCopia/INF01058-CircuitosDigitais/LAB08/LAB08/display_g.bdf ;         ;
; ucontador.bdf                    ; yes             ; Auto-Found Block Diagram/Schematic File  ; C:/altera/Quartus/GitCopia/INF01058-CircuitosDigitais/LAB08/LAB08/ucontador.bdf ;         ;
; mux.bdf                          ; yes             ; Auto-Found Block Diagram/Schematic File  ; C:/altera/Quartus/GitCopia/INF01058-CircuitosDigitais/LAB08/LAB08/mux.bdf       ;         ;
; lab071.bdf                       ; yes             ; Auto-Found Block Diagram/Schematic File  ; C:/altera/Quartus/GitCopia/INF01058-CircuitosDigitais/LAB08/LAB08/lab071.bdf    ;         ;
; lab07.bdf                        ; yes             ; Auto-Found Block Diagram/Schematic File  ; C:/altera/Quartus/GitCopia/INF01058-CircuitosDigitais/LAB08/LAB08/lab07.bdf     ;         ;
+----------------------------------+-----------------+------------------------------------------+---------------------------------------------------------------------------------+---------+


+-----------------------------------------------------+
; Analysis & Synthesis Resource Usage Summary         ;
+---------------------------------------------+-------+
; Resource                                    ; Usage ;
+---------------------------------------------+-------+
; Estimated Total logic elements              ; 58    ;
;                                             ;       ;
; Total combinational functions               ; 58    ;
; Logic element usage by number of LUT inputs ;       ;
;     -- 4 input functions                    ; 25    ;
;     -- 3 input functions                    ; 8     ;
;     -- <=2 input functions                  ; 25    ;
;                                             ;       ;
; Logic elements by mode                      ;       ;
;     -- normal mode                          ; 58    ;
;     -- arithmetic mode                      ; 0     ;
;                                             ;       ;
; Total registers                             ; 32    ;
;     -- Dedicated logic registers            ; 32    ;
;     -- I/O registers                        ; 0     ;
;                                             ;       ;
; I/O pins                                    ; 25    ;
; Embedded Multiplier 9-bit elements          ; 0     ;
; Maximum fan-out node                        ; inst4 ;
; Maximum fan-out                             ; 12    ;
; Total fan-out                               ; 261   ;
; Average fan-out                             ; 1.86  ;
+---------------------------------------------+-------+


+------------------------------------------------------------------------------------------------------------------------------------------------------------------------------------------------+
; Analysis & Synthesis Resource Utilization by Entity                                                                                                                                            ;
+----------------------------+-------------------+--------------+-------------+--------------+---------+-----------+------+--------------+----------------------------------------+--------------+
; Compilation Hierarchy Node ; LC Combinationals ; LC Registers ; Memory Bits ; DSP Elements ; DSP 9x9 ; DSP 18x18 ; Pins ; Virtual Pins ; Full Hierarchy Name                    ; Library Name ;
+----------------------------+-------------------+--------------+-------------+--------------+---------+-----------+------+--------------+----------------------------------------+--------------+
; |LAB08                     ; 58 (1)            ; 32 (2)       ; 0           ; 0            ; 0       ; 0         ; 25   ; 0            ; |LAB08                                 ; work         ;
;    |Display7:inst17|       ; 7 (0)             ; 0 (0)        ; 0           ; 0            ; 0       ; 0         ; 0    ; 0            ; |LAB08|Display7:inst17                 ; work         ;
;       |Diplay_C:inst2|     ; 1 (1)             ; 0 (0)        ; 0           ; 0            ; 0       ; 0         ; 0    ; 0            ; |LAB08|Display7:inst17|Diplay_C:inst2  ; work         ;
;       |Display_A:inst|     ; 1 (1)             ; 0 (0)        ; 0           ; 0            ; 0       ; 0         ; 0    ; 0            ; |LAB08|Display7:inst17|Display_A:inst  ; work         ;
;       |Display_B:inst1|    ; 1 (1)             ; 0 (0)        ; 0           ; 0            ; 0       ; 0         ; 0    ; 0            ; |LAB08|Display7:inst17|Display_B:inst1 ; work         ;
;       |Display_D:inst3|    ; 1 (1)             ; 0 (0)        ; 0           ; 0            ; 0       ; 0         ; 0    ; 0            ; |LAB08|Display7:inst17|Display_D:inst3 ; work         ;
;       |Display_E:inst4|    ; 1 (1)             ; 0 (0)        ; 0           ; 0            ; 0       ; 0         ; 0    ; 0            ; |LAB08|Display7:inst17|Display_E:inst4 ; work         ;
;       |Display_F:inst6|    ; 1 (1)             ; 0 (0)        ; 0           ; 0            ; 0       ; 0         ; 0    ; 0            ; |LAB08|Display7:inst17|Display_F:inst6 ; work         ;
;       |Display_G:inst7|    ; 1 (1)             ; 0 (0)        ; 0           ; 0            ; 0       ; 0         ; 0    ; 0            ; |LAB08|Display7:inst17|Display_G:inst7 ; work         ;
;    |Display7:inst18|       ; 7 (0)             ; 0 (0)        ; 0           ; 0            ; 0       ; 0         ; 0    ; 0            ; |LAB08|Display7:inst18                 ; work         ;
;       |Diplay_C:inst2|     ; 1 (1)             ; 0 (0)        ; 0           ; 0            ; 0       ; 0         ; 0    ; 0            ; |LAB08|Display7:inst18|Diplay_C:inst2  ; work         ;
;       |Display_A:inst|     ; 1 (1)             ; 0 (0)        ; 0           ; 0            ; 0       ; 0         ; 0    ; 0            ; |LAB08|Display7:inst18|Display_A:inst  ; work         ;
;       |Display_B:inst1|    ; 1 (1)             ; 0 (0)        ; 0           ; 0            ; 0       ; 0         ; 0    ; 0            ; |LAB08|Display7:inst18|Display_B:inst1 ; work         ;
;       |Display_D:inst3|    ; 1 (1)             ; 0 (0)        ; 0           ; 0            ; 0       ; 0         ; 0    ; 0            ; |LAB08|Display7:inst18|Display_D:inst3 ; work         ;
;       |Display_E:inst4|    ; 1 (1)             ; 0 (0)        ; 0           ; 0            ; 0       ; 0         ; 0    ; 0            ; |LAB08|Display7:inst18|Display_E:inst4 ; work         ;
;       |Display_F:inst6|    ; 1 (1)             ; 0 (0)        ; 0           ; 0            ; 0       ; 0         ; 0    ; 0            ; |LAB08|Display7:inst18|Display_F:inst6 ; work         ;
;       |Display_G:inst7|    ; 1 (1)             ; 0 (0)        ; 0           ; 0            ; 0       ; 0         ; 0    ; 0            ; |LAB08|Display7:inst18|Display_G:inst7 ; work         ;
;    |MUX:inst10|            ; 2 (2)             ; 0 (0)        ; 0           ; 0            ; 0       ; 0         ; 0    ; 0            ; |LAB08|MUX:inst10                      ; work         ;
;    |MUX:inst3|             ; 1 (1)             ; 0 (0)        ; 0           ; 0            ; 0       ; 0         ; 0    ; 0            ; |LAB08|MUX:inst3                       ; work         ;
;    |Ucontador:inst12|      ; 3 (0)             ; 1 (1)        ; 0           ; 0            ; 0       ; 0         ; 0    ; 0            ; |LAB08|Ucontador:inst12                ; work         ;
;       |MUX:inst12|         ; 1 (1)             ; 0 (0)        ; 0           ; 0            ; 0       ; 0         ; 0    ; 0            ; |LAB08|Ucontador:inst12|MUX:inst12     ; work         ;
;       |MUX:inst7|          ; 2 (2)             ; 0 (0)        ; 0           ; 0            ; 0       ; 0         ; 0    ; 0            ; |LAB08|Ucontador:inst12|MUX:inst7      ; work         ;
;    |Ucontador:inst13|      ; 3 (0)             ; 1 (1)        ; 0           ; 0            ; 0       ; 0         ; 0    ; 0            ; |LAB08|Ucontador:inst13                ; work         ;
;       |MUX:inst12|         ; 1 (1)             ; 0 (0)        ; 0           ; 0            ; 0       ; 0         ; 0    ; 0            ; |LAB08|Ucontador:inst13|MUX:inst12     ; work         ;
;       |MUX:inst6|          ; 1 (1)             ; 0 (0)        ; 0           ; 0            ; 0       ; 0         ; 0    ; 0            ; |LAB08|Ucontador:inst13|MUX:inst6      ; work         ;
;       |MUX:inst7|          ; 1 (1)             ; 0 (0)        ; 0           ; 0            ; 0       ; 0         ; 0    ; 0            ; |LAB08|Ucontador:inst13|MUX:inst7      ; work         ;
;    |Ucontador:inst14|      ; 2 (0)             ; 1 (1)        ; 0           ; 0            ; 0       ; 0         ; 0    ; 0            ; |LAB08|Ucontador:inst14                ; work         ;
;       |MUX:inst7|          ; 2 (2)             ; 0 (0)        ; 0           ; 0            ; 0       ; 0         ; 0    ; 0            ; |LAB08|Ucontador:inst14|MUX:inst7      ; work         ;
;    |Ucontador:inst15|      ; 2 (0)             ; 1 (1)        ; 0           ; 0            ; 0       ; 0         ; 0    ; 0            ; |LAB08|Ucontador:inst15                ; work         ;
;       |MUX:inst7|          ; 2 (2)             ; 0 (0)        ; 0           ; 0            ; 0       ; 0         ; 0    ; 0            ; |LAB08|Ucontador:inst15|MUX:inst7      ; work         ;
;    |Ucontador:inst16|      ; 3 (0)             ; 1 (1)        ; 0           ; 0            ; 0       ; 0         ; 0    ; 0            ; |LAB08|Ucontador:inst16                ; work         ;
;       |MUX:inst7|          ; 3 (3)             ; 0 (0)        ; 0           ; 0            ; 0       ; 0         ; 0    ; 0            ; |LAB08|Ucontador:inst16|MUX:inst7      ; work         ;
;    |Ucontador:inst|        ; 3 (0)             ; 1 (1)        ; 0           ; 0            ; 0       ; 0         ; 0    ; 0            ; |LAB08|Ucontador:inst                  ; work         ;
;       |MUX:inst12|         ; 1 (1)             ; 0 (0)        ; 0           ; 0            ; 0       ; 0         ; 0    ; 0            ; |LAB08|Ucontador:inst|MUX:inst12       ; work         ;
;       |MUX:inst7|          ; 2 (2)             ; 0 (0)        ; 0           ; 0            ; 0       ; 0         ; 0    ; 0            ; |LAB08|Ucontador:inst|MUX:inst7        ; work         ;
;    |lab071:inst2|          ; 24 (0)            ; 24 (0)       ; 0           ; 0            ; 0       ; 0         ; 0    ; 0            ; |LAB08|lab071:inst2                    ; work         ;
;       |lab07:inst1|        ; 8 (8)             ; 8 (8)        ; 0           ; 0            ; 0       ; 0         ; 0    ; 0            ; |LAB08|lab071:inst2|lab07:inst1        ; work         ;
;       |lab07:inst2|        ; 8 (8)             ; 8 (8)        ; 0           ; 0            ; 0       ; 0         ; 0    ; 0            ; |LAB08|lab071:inst2|lab07:inst2        ; work         ;
;       |lab07:inst|         ; 8 (8)             ; 8 (8)        ; 0           ; 0            ; 0       ; 0         ; 0    ; 0            ; |LAB08|lab071:inst2|lab07:inst         ; work         ;
+----------------------------+-------------------+--------------+-------------+--------------+---------+-----------+------+--------------+----------------------------------------+--------------+
Note: For table entries with two numbers listed, the numbers in parentheses indicate the number of resources of the given type used by the specific entity alone. The numbers listed outside of parentheses indicate the total resources of the given type used by the specific entity and all of its sub-entities in the hierarchy.


+------------------------------------------------------+
; General Register Statistics                          ;
+----------------------------------------------+-------+
; Statistic                                    ; Value ;
+----------------------------------------------+-------+
; Total registers                              ; 32    ;
; Number of registers using Synchronous Clear  ; 0     ;
; Number of registers using Synchronous Load   ; 0     ;
; Number of registers using Asynchronous Clear ; 0     ;
; Number of registers using Asynchronous Load  ; 0     ;
; Number of registers using Clock Enable       ; 8     ;
; Number of registers using Preset             ; 0     ;
+----------------------------------------------+-------+


+------------------------------------------------------------------------------------------------------------------------------------------+
; Multiplexer Restructuring Statistics (Restructuring Performed)                                                                           ;
+--------------------+-----------+---------------+----------------------+------------------------+------------+----------------------------+
; Multiplexer Inputs ; Bus Width ; Baseline Area ; Area if Restructured ; Saving if Restructured ; Registered ; Example Multiplexer Output ;
+--------------------+-----------+---------------+----------------------+------------------------+------------+----------------------------+
; 3:1                ; 3 bits    ; 6 LEs         ; 3 LEs                ; 3 LEs                  ; Yes        ; |LAB08|inst11              ;
; 4:1                ; 5 bits    ; 10 LEs        ; 10 LEs               ; 0 LEs                  ; Yes        ; |LAB08|Ucontador:inst|inst ;
+--------------------+-----------+---------------+----------------------+------------------------+------------+----------------------------+


+-------------------------------+
; Elapsed Time Per Partition    ;
+----------------+--------------+
; Partition Name ; Elapsed Time ;
+----------------+--------------+
; Top            ; 00:00:00     ;
+----------------+--------------+


+-------------------------------+
; Analysis & Synthesis Messages ;
+-------------------------------+
Info: *******************************************************************
Info: Running Quartus II 64-Bit Analysis & Synthesis
    Info: Version 13.1.0 Build 162 10/23/2013 SJ Web Edition
    Info: Processing started: Mon Jun 09 19:07:37 2025
Info: Command: quartus_map --read_settings_files=on --write_settings_files=off LAB08 -c LAB08
Info (11104): Parallel Compilation has detected 12 hyper-threaded processors. However, the extra hyper-threaded processors will not be used by default. Parallel Compilation will use 6 of the 6 physical processors detected instead.
Info (12021): Found 1 design units, including 1 entities, in source file lab08.bdf
    Info (12023): Found entity 1: LAB08
Info (12127): Elaborating entity "LAB08" for the top level hierarchy
Warning (12125): Using design file display7.bdf, which is not specified as a design file for the current project, but contains definitions for 1 design units and 1 entities in project
    Info (12023): Found entity 1: Display7
Info (12128): Elaborating entity "Display7" for hierarchy "Display7:inst17"
Warning (12125): Using design file display_a.bdf, which is not specified as a design file for the current project, but contains definitions for 1 design units and 1 entities in project
    Info (12023): Found entity 1: Display_A
Info (12128): Elaborating entity "Display_A" for hierarchy "Display7:inst17|Display_A:inst"
Warning (12125): Using design file display_b.bdf, which is not specified as a design file for the current project, but contains definitions for 1 design units and 1 entities in project
    Info (12023): Found entity 1: Display_B
Info (12128): Elaborating entity "Display_B" for hierarchy "Display7:inst17|Display_B:inst1"
Warning (275008): Primitive "NOT" of instance "inst2" not used
Warning (12125): Using design file diplay_c.bdf, which is not specified as a design file for the current project, but contains definitions for 1 design units and 1 entities in project
    Info (12023): Found entity 1: Diplay_C
Info (12128): Elaborating entity "Diplay_C" for hierarchy "Display7:inst17|Diplay_C:inst2"
Warning (12125): Using design file display_d.bdf, which is not specified as a design file for the current project, but contains definitions for 1 design units and 1 entities in project
    Info (12023): Found entity 1: Display_D
Info (12128): Elaborating entity "Display_D" for hierarchy "Display7:inst17|Display_D:inst3"
Warning (12125): Using design file display_e.bdf, which is not specified as a design file for the current project, but contains definitions for 1 design units and 1 entities in project
    Info (12023): Found entity 1: Display_E
Info (12128): Elaborating entity "Display_E" for hierarchy "Display7:inst17|Display_E:inst4"
Warning (275008): Primitive "NOT" of instance "inst" not used
Warning (12125): Using design file display_f.bdf, which is not specified as a design file for the current project, but contains definitions for 1 design units and 1 entities in project
    Info (12023): Found entity 1: Display_F
Info (12128): Elaborating entity "Display_F" for hierarchy "Display7:inst17|Display_F:inst6"
Warning (275008): Primitive "NOT" of instance "inst" not used
Warning (12125): Using design file display_g.bdf, which is not specified as a design file for the current project, but contains definitions for 1 design units and 1 entities in project
    Info (12023): Found entity 1: Display_G
Info (12128): Elaborating entity "Display_G" for hierarchy "Display7:inst17|Display_G:inst7"
Warning (12125): Using design file ucontador.bdf, which is not specified as a design file for the current project, but contains definitions for 1 design units and 1 entities in project
    Info (12023): Found entity 1: Ucontador
Info (12128): Elaborating entity "Ucontador" for hierarchy "Ucontador:inst"
Warning (12090): Entity "MUX" obtained from "mux.bdf" instead of from Quartus II megafunction library
Warning (12125): Using design file mux.bdf, which is not specified as a design file for the current project, but contains definitions for 1 design units and 1 entities in project
    Info (12023): Found entity 1: MUX
Info (12128): Elaborating entity "MUX" for hierarchy "Ucontador:inst|MUX:inst12"
Warning (12125): Using design file lab071.bdf, which is not specified as a design file for the current project, but contains definitions for 1 design units and 1 entities in project
    Info (12023): Found entity 1: lab071
Info (12128): Elaborating entity "lab071" for hierarchy "lab071:inst2"
Warning (12125): Using design file lab07.bdf, which is not specified as a design file for the current project, but contains definitions for 1 design units and 1 entities in project
    Info (12023): Found entity 1: lab07
Info (12128): Elaborating entity "lab07" for hierarchy "lab071:inst2|lab07:inst2"
Info (286030): Timing-Driven Synthesis is running
Info (16010): Generating hard_block partition "hard_block:auto_generated_inst"
    Info (16011): Adding 0 node(s), including 0 DDIO, 0 PLL, 0 transceiver and 0 LCELL
Info (21057): Implemented 83 device resources after synthesis - the final resource count might be different
    Info (21058): Implemented 11 input pins
    Info (21059): Implemented 14 output pins
    Info (21061): Implemented 58 logic cells
Info: Quartus II 64-Bit Analysis & Synthesis was successful. 0 errors, 16 warnings
    Info: Peak virtual memory: 4677 megabytes
    Info: Processing ended: Mon Jun 09 19:07:38 2025
    Info: Elapsed time: 00:00:01
    Info: Total CPU time (on all processors): 00:00:01


