Analysis & Synthesis report for ArithmeticUnit
Wed Apr 23 21:18:11 2025
Quartus II 64-Bit Version 13.0.1 Build 232 06/12/2013 Service Pack 1 SJ Web Edition


---------------------
; Table of Contents ;
---------------------
  1. Legal Notice
  2. Analysis & Synthesis Summary
  3. Analysis & Synthesis Settings
  4. Parallel Compilation
  5. Analysis & Synthesis Source Files Read
  6. Analysis & Synthesis Resource Usage Summary
  7. Analysis & Synthesis Resource Utilization by Entity
  8. General Register Statistics
  9. Multiplexer Restructuring Statistics (Restructuring Performed)
 10. Parameter Settings for User Entity Instance: BUSMUX:inst
 11. Parameter Settings for User Entity Instance: BUSMUX:inst1
 12. Parameter Settings for User Entity Instance: BUSMUX:inst10
 13. Elapsed Time Per Partition
 14. Analysis & Synthesis Messages



----------------
; Legal Notice ;
----------------
Copyright (C) 1991-2013 Altera Corporation
Your use of Altera Corporation's design tools, logic functions 
and other software and tools, and its AMPP partner logic 
functions, and any output files from any of the foregoing 
(including device programming or simulation files), and any 
associated documentation or information are expressly subject 
to the terms and conditions of the Altera Program License 
Subscription Agreement, Altera MegaCore Function License 
Agreement, or other applicable license agreement, including, 
without limitation, that your use is for the sole purpose of 
programming logic devices manufactured by Altera and sold by 
Altera or its authorized distributors.  Please refer to the 
applicable agreement for further details.



+--------------------------------------------------------------------------------------+
; Analysis & Synthesis Summary                                                         ;
+------------------------------------+-------------------------------------------------+
; Analysis & Synthesis Status        ; Successful - Wed Apr 23 21:18:11 2025           ;
; Quartus II 64-Bit Version          ; 13.0.1 Build 232 06/12/2013 SP 1 SJ Web Edition ;
; Revision Name                      ; ArithmeticUnit                                  ;
; Top-level Entity Name              ; ArithmeticUnit                                  ;
; Family                             ; Cyclone III                                     ;
; Total logic elements               ; 44                                              ;
;     Total combinational functions  ; 44                                              ;
;     Dedicated logic registers      ; 0                                               ;
; Total registers                    ; 0                                               ;
; Total pins                         ; 18                                              ;
; Total virtual pins                 ; 0                                               ;
; Total memory bits                  ; 0                                               ;
; Embedded Multiplier 9-bit elements ; 0                                               ;
; Total PLLs                         ; 0                                               ;
+------------------------------------+-------------------------------------------------+


+----------------------------------------------------------------------------------------------------------------------+
; Analysis & Synthesis Settings                                                                                        ;
+----------------------------------------------------------------------------+--------------------+--------------------+
; Option                                                                     ; Setting            ; Default Value      ;
+----------------------------------------------------------------------------+--------------------+--------------------+
; Device                                                                     ; EP3C16F484C6       ;                    ;
; Top-level entity name                                                      ; ArithmeticUnit     ; ArithmeticUnit     ;
; Family name                                                                ; Cyclone III        ; Cyclone IV GX      ;
; Use smart compilation                                                      ; Off                ; Off                ;
; Enable parallel Assembler and TimeQuest Timing Analyzer during compilation ; On                 ; On                 ;
; Enable compact report table                                                ; Off                ; Off                ;
; Restructure Multiplexers                                                   ; Auto               ; Auto               ;
; Create Debugging Nodes for IP Cores                                        ; Off                ; Off                ;
; Preserve fewer node names                                                  ; On                 ; On                 ;
; Disable OpenCore Plus hardware evaluation                                  ; Off                ; Off                ;
; Verilog Version                                                            ; Verilog_2001       ; Verilog_2001       ;
; VHDL Version                                                               ; VHDL_1993          ; VHDL_1993          ;
; State Machine Processing                                                   ; Auto               ; Auto               ;
; Safe State Machine                                                         ; Off                ; Off                ;
; Extract Verilog State Machines                                             ; On                 ; On                 ;
; Extract VHDL State Machines                                                ; On                 ; On                 ;
; Ignore Verilog initial constructs                                          ; Off                ; Off                ;
; Iteration limit for constant Verilog loops                                 ; 5000               ; 5000               ;
; Iteration limit for non-constant Verilog loops                             ; 250                ; 250                ;
; Add Pass-Through Logic to Inferred RAMs                                    ; On                 ; On                 ;
; Infer RAMs from Raw Logic                                                  ; On                 ; On                 ;
; Parallel Synthesis                                                         ; On                 ; On                 ;
; DSP Block Balancing                                                        ; Auto               ; Auto               ;
; NOT Gate Push-Back                                                         ; On                 ; On                 ;
; Power-Up Don't Care                                                        ; On                 ; On                 ;
; Remove Redundant Logic Cells                                               ; Off                ; Off                ;
; Remove Duplicate Registers                                                 ; On                 ; On                 ;
; Ignore CARRY Buffers                                                       ; Off                ; Off                ;
; Ignore CASCADE Buffers                                                     ; Off                ; Off                ;
; Ignore GLOBAL Buffers                                                      ; Off                ; Off                ;
; Ignore ROW GLOBAL Buffers                                                  ; Off                ; Off                ;
; Ignore LCELL Buffers                                                       ; Off                ; Off                ;
; Ignore SOFT Buffers                                                        ; On                 ; On                 ;
; Limit AHDL Integers to 32 Bits                                             ; Off                ; Off                ;
; Optimization Technique                                                     ; Balanced           ; Balanced           ;
; Carry Chain Length                                                         ; 70                 ; 70                 ;
; Auto Carry Chains                                                          ; On                 ; On                 ;
; Auto Open-Drain Pins                                                       ; On                 ; On                 ;
; Perform WYSIWYG Primitive Resynthesis                                      ; Off                ; Off                ;
; Auto ROM Replacement                                                       ; On                 ; On                 ;
; Auto RAM Replacement                                                       ; On                 ; On                 ;
; Auto DSP Block Replacement                                                 ; On                 ; On                 ;
; Auto Shift Register Replacement                                            ; Auto               ; Auto               ;
; Allow Shift Register Merging across Hierarchies                            ; Auto               ; Auto               ;
; Auto Clock Enable Replacement                                              ; On                 ; On                 ;
; Strict RAM Replacement                                                     ; Off                ; Off                ;
; Allow Synchronous Control Signals                                          ; On                 ; On                 ;
; Force Use of Synchronous Clear Signals                                     ; Off                ; Off                ;
; Auto RAM Block Balancing                                                   ; On                 ; On                 ;
; Auto RAM to Logic Cell Conversion                                          ; Off                ; Off                ;
; Auto Resource Sharing                                                      ; Off                ; Off                ;
; Allow Any RAM Size For Recognition                                         ; Off                ; Off                ;
; Allow Any ROM Size For Recognition                                         ; Off                ; Off                ;
; Allow Any Shift Register Size For Recognition                              ; Off                ; Off                ;
; Use LogicLock Constraints during Resource Balancing                        ; On                 ; On                 ;
; Ignore translate_off and synthesis_off directives                          ; Off                ; Off                ;
; Timing-Driven Synthesis                                                    ; On                 ; On                 ;
; Report Parameter Settings                                                  ; On                 ; On                 ;
; Report Source Assignments                                                  ; On                 ; On                 ;
; Report Connectivity Checks                                                 ; On                 ; On                 ;
; Ignore Maximum Fan-Out Assignments                                         ; Off                ; Off                ;
; Synchronization Register Chain Length                                      ; 2                  ; 2                  ;
; PowerPlay Power Optimization                                               ; Normal compilation ; Normal compilation ;
; HDL message level                                                          ; Level2             ; Level2             ;
; Suppress Register Optimization Related Messages                            ; Off                ; Off                ;
; Number of Removed Registers Reported in Synthesis Report                   ; 5000               ; 5000               ;
; Number of Swept Nodes Reported in Synthesis Report                         ; 5000               ; 5000               ;
; Number of Inverted Registers Reported in Synthesis Report                  ; 100                ; 100                ;
; Clock MUX Protection                                                       ; On                 ; On                 ;
; Auto Gated Clock Conversion                                                ; Off                ; Off                ;
; Block Design Naming                                                        ; Auto               ; Auto               ;
; SDC constraint protection                                                  ; Off                ; Off                ;
; Synthesis Effort                                                           ; Auto               ; Auto               ;
; Shift Register Replacement - Allow Asynchronous Clear Signal               ; On                 ; On                 ;
; Pre-Mapping Resynthesis Optimization                                       ; Off                ; Off                ;
; Analysis & Synthesis Message Level                                         ; Medium             ; Medium             ;
; Disable Register Merging Across Hierarchies                                ; Auto               ; Auto               ;
; Resource Aware Inference For Block RAM                                     ; On                 ; On                 ;
; Synthesis Seed                                                             ; 1                  ; 1                  ;
+----------------------------------------------------------------------------+--------------------+--------------------+


Parallel compilation was disabled, but you have multiple processors available. Enable parallel compilation to reduce compilation time.
+-------------------------------------+
; Parallel Compilation                ;
+----------------------------+--------+
; Processors                 ; Number ;
+----------------------------+--------+
; Number detected on machine ; 12     ;
; Maximum allowed            ; 1      ;
+----------------------------+--------+


+-----------------------------------------------------------------------------------------------------------------------------------------------------------------------------------+
; Analysis & Synthesis Source Files Read                                                                                                                                            ;
+----------------------------------+-----------------+------------------------------------+-------------------------------------------------------------------------------+---------+
; File Name with User-Entered Path ; Used in Netlist ; File Type                          ; File Name with Absolute Path                                                  ; Library ;
+----------------------------------+-----------------+------------------------------------+-------------------------------------------------------------------------------+---------+
; RCA.bdf                          ; yes             ; User Block Diagram/Schematic File  ; D:/Documents/Git-Repos/INF01058-CircuitosDigitais/LAB04/AU/RCA.bdf            ;         ;
; Multiplier.bdf                   ; yes             ; User Block Diagram/Schematic File  ; D:/Documents/Git-Repos/INF01058-CircuitosDigitais/LAB04/AU/Multiplier.bdf     ;         ;
; SCLA.bdf                         ; yes             ; User Block Diagram/Schematic File  ; D:/Documents/Git-Repos/INF01058-CircuitosDigitais/LAB04/AU/SCLA.bdf           ;         ;
; HA.bdf                           ; yes             ; User Block Diagram/Schematic File  ; D:/Documents/Git-Repos/INF01058-CircuitosDigitais/LAB04/AU/HA.bdf             ;         ;
; FA.bdf                           ; yes             ; User Block Diagram/Schematic File  ; D:/Documents/Git-Repos/INF01058-CircuitosDigitais/LAB04/AU/FA.bdf             ;         ;
; CLA.bdf                          ; yes             ; User Block Diagram/Schematic File  ; D:/Documents/Git-Repos/INF01058-CircuitosDigitais/LAB04/AU/CLA.bdf            ;         ;
; ArithmeticUnit.bdf               ; yes             ; User Block Diagram/Schematic File  ; D:/Documents/Git-Repos/INF01058-CircuitosDigitais/LAB04/AU/ArithmeticUnit.bdf ;         ;
; busmux.tdf                       ; yes             ; Megafunction                       ; c:/altera/13.0sp1/quartus/libraries/megafunctions/busmux.tdf                  ;         ;
; lpm_mux.inc                      ; yes             ; Megafunction                       ; c:/altera/13.0sp1/quartus/libraries/megafunctions/lpm_mux.inc                 ;         ;
; lpm_mux.tdf                      ; yes             ; Megafunction                       ; c:/altera/13.0sp1/quartus/libraries/megafunctions/lpm_mux.tdf                 ;         ;
; aglobal130.inc                   ; yes             ; Megafunction                       ; c:/altera/13.0sp1/quartus/libraries/megafunctions/aglobal130.inc              ;         ;
; muxlut.inc                       ; yes             ; Megafunction                       ; c:/altera/13.0sp1/quartus/libraries/megafunctions/muxlut.inc                  ;         ;
; bypassff.inc                     ; yes             ; Megafunction                       ; c:/altera/13.0sp1/quartus/libraries/megafunctions/bypassff.inc                ;         ;
; altshift.inc                     ; yes             ; Megafunction                       ; c:/altera/13.0sp1/quartus/libraries/megafunctions/altshift.inc                ;         ;
; db/mux_5qc.tdf                   ; yes             ; Auto-Generated Megafunction        ; D:/Documents/Git-Repos/INF01058-CircuitosDigitais/LAB04/AU/db/mux_5qc.tdf     ;         ;
; db/mux_1qc.tdf                   ; yes             ; Auto-Generated Megafunction        ; D:/Documents/Git-Repos/INF01058-CircuitosDigitais/LAB04/AU/db/mux_1qc.tdf     ;         ;
+----------------------------------+-----------------+------------------------------------+-------------------------------------------------------------------------------+---------+


+---------------------------------------------------------------+
; Analysis & Synthesis Resource Usage Summary                   ;
+---------------------------------------------+-----------------+
; Resource                                    ; Usage           ;
+---------------------------------------------+-----------------+
; Estimated Total logic elements              ; 44              ;
;                                             ;                 ;
; Total combinational functions               ; 44              ;
; Logic element usage by number of LUT inputs ;                 ;
;     -- 4 input functions                    ; 26              ;
;     -- 3 input functions                    ; 7               ;
;     -- <=2 input functions                  ; 11              ;
;                                             ;                 ;
; Logic elements by mode                      ;                 ;
;     -- normal mode                          ; 44              ;
;     -- arithmetic mode                      ; 0               ;
;                                             ;                 ;
; Total registers                             ; 0               ;
;     -- Dedicated logic registers            ; 0               ;
;     -- I/O registers                        ; 0               ;
;                                             ;                 ;
; I/O pins                                    ; 18              ;
; Embedded Multiplier 9-bit elements          ; 0               ;
; Maximum fan-out node                        ; op_sel[1]~input ;
; Maximum fan-out                             ; 10              ;
; Total fan-out                               ; 173             ;
; Average fan-out                             ; 2.16            ;
+---------------------------------------------+-----------------+


+----------------------------------------------------------------------------------------------------------------------------------------------------------------------------------------------------------------------------------+
; Analysis & Synthesis Resource Utilization by Entity                                                                                                                                                                              ;
+-----------------------------------+-------------------+--------------+-------------+--------------+---------+-----------+------+--------------+-------------------------------------------------------------------+--------------+
; Compilation Hierarchy Node        ; LC Combinationals ; LC Registers ; Memory Bits ; DSP Elements ; DSP 9x9 ; DSP 18x18 ; Pins ; Virtual Pins ; Full Hierarchy Name                                               ; Library Name ;
+-----------------------------------+-------------------+--------------+-------------+--------------+---------+-----------+------+--------------+-------------------------------------------------------------------+--------------+
; |ArithmeticUnit                   ; 44 (0)            ; 0 (0)        ; 0           ; 0            ; 0       ; 0         ; 18   ; 0            ; |ArithmeticUnit                                                   ; work         ;
;    |Multiplier:inst9|             ; 26 (8)            ; 0 (0)        ; 0           ; 0            ; 0       ; 0         ; 0    ; 0            ; |ArithmeticUnit|Multiplier:inst9                                  ; work         ;
;       |FA:inst1|                  ; 2 (2)             ; 0 (0)        ; 0           ; 0            ; 0       ; 0         ; 0    ; 0            ; |ArithmeticUnit|Multiplier:inst9|FA:inst1                         ; work         ;
;       |FA:inst2|                  ; 2 (2)             ; 0 (0)        ; 0           ; 0            ; 0       ; 0         ; 0    ; 0            ; |ArithmeticUnit|Multiplier:inst9|FA:inst2                         ; work         ;
;       |FA:inst3|                  ; 2 (2)             ; 0 (0)        ; 0           ; 0            ; 0       ; 0         ; 0    ; 0            ; |ArithmeticUnit|Multiplier:inst9|FA:inst3                         ; work         ;
;       |FA:inst4|                  ; 2 (2)             ; 0 (0)        ; 0           ; 0            ; 0       ; 0         ; 0    ; 0            ; |ArithmeticUnit|Multiplier:inst9|FA:inst4                         ; work         ;
;       |FA:inst5|                  ; 2 (2)             ; 0 (0)        ; 0           ; 0            ; 0       ; 0         ; 0    ; 0            ; |ArithmeticUnit|Multiplier:inst9|FA:inst5                         ; work         ;
;       |FA:inst6|                  ; 2 (2)             ; 0 (0)        ; 0           ; 0            ; 0       ; 0         ; 0    ; 0            ; |ArithmeticUnit|Multiplier:inst9|FA:inst6                         ; work         ;
;       |FA:inst7|                  ; 2 (2)             ; 0 (0)        ; 0           ; 0            ; 0       ; 0         ; 0    ; 0            ; |ArithmeticUnit|Multiplier:inst9|FA:inst7                         ; work         ;
;       |FA:inst|                   ; 4 (4)             ; 0 (0)        ; 0           ; 0            ; 0       ; 0         ; 0    ; 0            ; |ArithmeticUnit|Multiplier:inst9|FA:inst                          ; work         ;
;    |RCA:inst5|                    ; 1 (0)             ; 0 (0)        ; 0           ; 0            ; 0       ; 0         ; 0    ; 0            ; |ArithmeticUnit|RCA:inst5                                         ; work         ;
;       |FA:inst2|                  ; 1 (1)             ; 0 (0)        ; 0           ; 0            ; 0       ; 0         ; 0    ; 0            ; |ArithmeticUnit|RCA:inst5|FA:inst2                                ; work         ;
;    |SCLA:inst6|                   ; 2 (0)             ; 0 (0)        ; 0           ; 0            ; 0       ; 0         ; 0    ; 0            ; |ArithmeticUnit|SCLA:inst6                                        ; work         ;
;       |HA:inst2|                  ; 1 (1)             ; 0 (0)        ; 0           ; 0            ; 0       ; 0         ; 0    ; 0            ; |ArithmeticUnit|SCLA:inst6|HA:inst2                               ; work         ;
;       |HA:inst3|                  ; 1 (1)             ; 0 (0)        ; 0           ; 0            ; 0       ; 0         ; 0    ; 0            ; |ArithmeticUnit|SCLA:inst6|HA:inst3                               ; work         ;
;    |busmux:inst|                  ; 15 (0)            ; 0 (0)        ; 0           ; 0            ; 0       ; 0         ; 0    ; 0            ; |ArithmeticUnit|busmux:inst                                       ; work         ;
;       |lpm_mux:$00000|            ; 15 (0)            ; 0 (0)        ; 0           ; 0            ; 0       ; 0         ; 0    ; 0            ; |ArithmeticUnit|busmux:inst|lpm_mux:$00000                        ; work         ;
;          |mux_5qc:auto_generated| ; 15 (15)           ; 0 (0)        ; 0           ; 0            ; 0       ; 0         ; 0    ; 0            ; |ArithmeticUnit|busmux:inst|lpm_mux:$00000|mux_5qc:auto_generated ; work         ;
+-----------------------------------+-------------------+--------------+-------------+--------------+---------+-----------+------+--------------+-------------------------------------------------------------------+--------------+
Note: For table entries with two numbers listed, the numbers in parentheses indicate the number of resources of the given type used by the specific entity alone. The numbers listed outside of parentheses indicate the total resources of the given type used by the specific entity and all of its sub-entities in the hierarchy.


+------------------------------------------------------+
; General Register Statistics                          ;
+----------------------------------------------+-------+
; Statistic                                    ; Value ;
+----------------------------------------------+-------+
; Total registers                              ; 0     ;
; Number of registers using Synchronous Clear  ; 0     ;
; Number of registers using Synchronous Load   ; 0     ;
; Number of registers using Asynchronous Clear ; 0     ;
; Number of registers using Asynchronous Load  ; 0     ;
; Number of registers using Clock Enable       ; 0     ;
; Number of registers using Preset             ; 0     ;
+----------------------------------------------+-------+


+------------------------------------------------------------------------------------------------------------------------------------------------------------------------------------------------+
; Multiplexer Restructuring Statistics (Restructuring Performed)                                                                                                                                 ;
+--------------------+-----------+---------------+----------------------+------------------------+------------+----------------------------------------------------------------------------------+
; Multiplexer Inputs ; Bus Width ; Baseline Area ; Area if Restructured ; Saving if Restructured ; Registered ; Example Multiplexer Output                                                       ;
+--------------------+-----------+---------------+----------------------+------------------------+------------+----------------------------------------------------------------------------------+
; 3:1                ; 3 bits    ; 6 LEs         ; 6 LEs                ; 0 LEs                  ; No         ; |ArithmeticUnit|busmux:inst|lpm_mux:$00000|mux_5qc:auto_generated|result_node[3] ;
+--------------------+-----------+---------------+----------------------+------------------------+------------+----------------------------------------------------------------------------------+


+----------------------------------------------------------+
; Parameter Settings for User Entity Instance: BUSMUX:inst ;
+----------------+-------+---------------------------------+
; Parameter Name ; Value ; Type                            ;
+----------------+-------+---------------------------------+
; WIDTH          ; 8     ; Signed Integer                  ;
+----------------+-------+---------------------------------+
Note: In order to hide this table in the UI and the text report file, please set the "Show Parameter Settings in Synthesis Report" option in "Analysis and Synthesis Settings -> More Settings" to "Off".


+-----------------------------------------------------------+
; Parameter Settings for User Entity Instance: BUSMUX:inst1 ;
+----------------+-------+----------------------------------+
; Parameter Name ; Value ; Type                             ;
+----------------+-------+----------------------------------+
; WIDTH          ; 4     ; Signed Integer                   ;
+----------------+-------+----------------------------------+
Note: In order to hide this table in the UI and the text report file, please set the "Show Parameter Settings in Synthesis Report" option in "Analysis and Synthesis Settings -> More Settings" to "Off".


+------------------------------------------------------------+
; Parameter Settings for User Entity Instance: BUSMUX:inst10 ;
+----------------+-------+-----------------------------------+
; Parameter Name ; Value ; Type                              ;
+----------------+-------+-----------------------------------+
; WIDTH          ; 4     ; Untyped                           ;
+----------------+-------+-----------------------------------+
Note: In order to hide this table in the UI and the text report file, please set the "Show Parameter Settings in Synthesis Report" option in "Analysis and Synthesis Settings -> More Settings" to "Off".


+-------------------------------+
; Elapsed Time Per Partition    ;
+----------------+--------------+
; Partition Name ; Elapsed Time ;
+----------------+--------------+
; Top            ; 00:00:00     ;
+----------------+--------------+


+-------------------------------+
; Analysis & Synthesis Messages ;
+-------------------------------+
Info: *******************************************************************
Info: Running Quartus II 64-Bit Analysis & Synthesis
    Info: Version 13.0.1 Build 232 06/12/2013 Service Pack 1 SJ Web Edition
    Info: Processing started: Wed Apr 23 21:18:10 2025
Info: Command: quartus_map --read_settings_files=on --write_settings_files=off ArithmeticUnit -c ArithmeticUnit
Warning (20028): Parallel compilation is not licensed and has been disabled
Info (12021): Found 1 design units, including 1 entities, in source file rca.bdf
    Info (12023): Found entity 1: RCA
Info (12021): Found 1 design units, including 1 entities, in source file multiplier.bdf
    Info (12023): Found entity 1: Multiplier
Info (12021): Found 1 design units, including 1 entities, in source file scla.bdf
    Info (12023): Found entity 1: SCLA
Info (12021): Found 1 design units, including 1 entities, in source file ha.bdf
    Info (12023): Found entity 1: HA
Info (12021): Found 1 design units, including 1 entities, in source file fa.bdf
    Info (12023): Found entity 1: FA
Info (12021): Found 1 design units, including 1 entities, in source file cla.bdf
    Info (12023): Found entity 1: CLA
Info (12021): Found 1 design units, including 1 entities, in source file arithmeticunit.bdf
    Info (12023): Found entity 1: ArithmeticUnit
Info (12127): Elaborating entity "ArithmeticUnit" for the top level hierarchy
Warning (275086): Found inconsistent I/O type for element "C"
Warning (275080): Converted elements in bus name "C" using legacy naming rules. Make any assignments on the new names, not on the original names.
    Warning (275081): Converted element name(s) from "C[0]" to "C0"
    Warning (275081): Converted element name(s) from "C[4]" to "C4"
Info (12128): Elaborating entity "BUSMUX" for hierarchy "BUSMUX:inst"
Info (12130): Elaborated megafunction instantiation "BUSMUX:inst"
Info (12133): Instantiated megafunction "BUSMUX:inst" with the following parameter:
    Info (12134): Parameter "WIDTH" = "8"
Info (12128): Elaborating entity "lpm_mux" for hierarchy "BUSMUX:inst|lpm_mux:$00000"
Info (12131): Elaborated megafunction instantiation "BUSMUX:inst|lpm_mux:$00000", which is child of megafunction instantiation "BUSMUX:inst"
Info (12021): Found 1 design units, including 1 entities, in source file db/mux_5qc.tdf
    Info (12023): Found entity 1: mux_5qc
Info (12128): Elaborating entity "mux_5qc" for hierarchy "BUSMUX:inst|lpm_mux:$00000|mux_5qc:auto_generated"
Info (12128): Elaborating entity "BUSMUX" for hierarchy "BUSMUX:inst1"
Info (12130): Elaborated megafunction instantiation "BUSMUX:inst1"
Info (12133): Instantiated megafunction "BUSMUX:inst1" with the following parameter:
    Info (12134): Parameter "WIDTH" = "4"
Info (12128): Elaborating entity "lpm_mux" for hierarchy "BUSMUX:inst1|lpm_mux:$00000"
Info (12131): Elaborated megafunction instantiation "BUSMUX:inst1|lpm_mux:$00000", which is child of megafunction instantiation "BUSMUX:inst1"
Info (12021): Found 1 design units, including 1 entities, in source file db/mux_1qc.tdf
    Info (12023): Found entity 1: mux_1qc
Info (12128): Elaborating entity "mux_1qc" for hierarchy "BUSMUX:inst1|lpm_mux:$00000|mux_1qc:auto_generated"
Info (12128): Elaborating entity "RCA" for hierarchy "RCA:inst5"
Info (12128): Elaborating entity "FA" for hierarchy "RCA:inst5|FA:inst4"
Info (12128): Elaborating entity "SCLA" for hierarchy "SCLA:inst6"
Warning (275086): Found inconsistent I/O type for element "C"
Warning (275080): Converted elements in bus name "C" using legacy naming rules. Make any assignments on the new names, not on the original names.
    Warning (275081): Converted element name(s) from "C[0]" to "C0"
    Warning (275081): Converted element name(s) from "C[4..1]" to "C4..1"
Warning (275086): Found inconsistent I/O type for element "C"
Warning (275080): Converted elements in bus name "C" using legacy naming rules. Make any assignments on the new names, not on the original names.
    Warning (275081): Converted element name(s) from "C[0]" to "C0"
    Warning (275081): Converted element name(s) from "C[4]" to "C4"
Info (12128): Elaborating entity "CLA" for hierarchy "SCLA:inst6|CLA:inst"
Warning (275086): Found inconsistent I/O type for element "C"
Warning (275080): Converted elements in bus name "C" using legacy naming rules. Make any assignments on the new names, not on the original names.
    Warning (275081): Converted element name(s) from "C[0]" to "C0"
    Warning (275081): Converted element name(s) from "C[4..1]" to "C4..1"
Info (12128): Elaborating entity "HA" for hierarchy "SCLA:inst6|HA:inst4"
Info (12128): Elaborating entity "BUSMUX" for hierarchy "BUSMUX:inst10"
Info (12130): Elaborated megafunction instantiation "BUSMUX:inst10"
Info (12133): Instantiated megafunction "BUSMUX:inst10" with the following parameter:
    Info (12134): Parameter "WIDTH" = "4"
Info (12128): Elaborating entity "Multiplier" for hierarchy "Multiplier:inst9"
Info (286030): Timing-Driven Synthesis is running
Info (16010): Generating hard_block partition "hard_block:auto_generated_inst"
    Info (16011): Adding 0 node(s), including 0 DDIO, 0 PLL, 0 transceiver and 0 LCELL
Info (21057): Implemented 62 device resources after synthesis - the final resource count might be different
    Info (21058): Implemented 10 input pins
    Info (21059): Implemented 8 output pins
    Info (21061): Implemented 44 logic cells
Info: Quartus II 64-Bit Analysis & Synthesis was successful. 0 errors, 17 warnings
    Info: Peak virtual memory: 4601 megabytes
    Info: Processing ended: Wed Apr 23 21:18:11 2025
    Info: Elapsed time: 00:00:01
    Info: Total CPU time (on all processors): 00:00:02


