Flow report for mux8
Mon Apr 14 17:12:27 2025
Quartus II 64-Bit Version 13.0.1 Build 232 06/12/2013 Service Pack 1 SJ Web Edition


---------------------
; Table of Contents ;
---------------------
  1. Legal Notice
  2. Flow Summary
  3. Flow Settings
  4. Flow Non-Default Global Settings
  5. Flow Elapsed Time
  6. Flow OS Summary
  7. Flow Log
  8. Flow Messages
  9. Flow Suppressed Messages



----------------
; Legal Notice ;
----------------
Copyright (C) 1991-2013 Altera Corporation
Your use of Altera Corporation's design tools, logic functions 
and other software and tools, and its AMPP partner logic 
functions, and any output files from any of the foregoing 
(including device programming or simulation files), and any 
associated documentation or information are expressly subject 
to the terms and conditions of the Altera Program License 
Subscription Agreement, Altera MegaCore Function License 
Agreement, or other applicable license agreement, including, 
without limitation, that your use is for the sole purpose of 
programming logic devices manufactured by Altera and sold by 
Altera or its authorized distributors.  Please refer to the 
applicable agreement for further details.



+--------------------------------------------------------------------------------------+
; Flow Summary                                                                         ;
+------------------------------------+-------------------------------------------------+
; Flow Status                        ; Successful - Mon Apr 14 17:12:25 2025           ;
; Quartus II 64-Bit Version          ; 13.0.1 Build 232 06/12/2013 SP 1 SJ Web Edition ;
; Revision Name                      ; mux8                                            ;
; Top-level Entity Name              ; mux8                                            ;
; Family                             ; Cyclone III                                     ;
; Total logic elements               ; 8 / 5,136 ( < 1 % )                             ;
;     Total combinational functions  ; 8 / 5,136 ( < 1 % )                             ;
;     Dedicated logic registers      ; 0 / 5,136 ( 0 % )                               ;
; Total registers                    ; 0                                               ;
; Total pins                         ; 25 / 183 ( 14 % )                               ;
; Total virtual pins                 ; 0                                               ;
; Total memory bits                  ; 0 / 423,936 ( 0 % )                             ;
; Embedded Multiplier 9-bit elements ; 0 / 46 ( 0 % )                                  ;
; Total PLLs                         ; 0 / 2 ( 0 % )                                   ;
; Device                             ; EP3C5F256C6                                     ;
; Timing Models                      ; Final                                           ;
+------------------------------------+-------------------------------------------------+


+-----------------------------------------+
; Flow Settings                           ;
+-------------------+---------------------+
; Option            ; Setting             ;
+-------------------+---------------------+
; Start date & time ; 04/14/2025 17:12:16 ;
; Main task         ; Compilation         ;
; Revision Name     ; mux8                ;
+-------------------+---------------------+


+----------------------------------------------------------------------------------------------------------------+
; Flow Non-Default Global Settings                                                                               ;
+-------------------------------------+-------------------------------+---------------+-------------+------------+
; Assignment Name                     ; Value                         ; Default Value ; Entity Name ; Section Id ;
+-------------------------------------+-------------------------------+---------------+-------------+------------+
; COMPILER_SIGNATURE_ID               ; 5311876557573.174466153511520 ; --            ; --          ; --         ;
; PARTITION_COLOR                     ; 16764057                      ; --            ; --          ; Top        ;
; PARTITION_FITTER_PRESERVATION_LEVEL ; PLACEMENT_AND_ROUTING         ; --            ; --          ; Top        ;
; PARTITION_NETLIST_TYPE              ; SOURCE                        ; --            ; --          ; Top        ;
; PROJECT_OUTPUT_DIRECTORY            ; output_files                  ; --            ; --          ; --         ;
+-------------------------------------+-------------------------------+---------------+-------------+------------+


+-------------------------------------------------------------------------------------------------------------------------------+
; Flow Elapsed Time                                                                                                             ;
+---------------------------+--------------+-------------------------+---------------------+------------------------------------+
; Module Name               ; Elapsed Time ; Average Processors Used ; Peak Virtual Memory ; Total CPU Time (on all processors) ;
+---------------------------+--------------+-------------------------+---------------------+------------------------------------+
; Analysis & Synthesis      ; 00:00:01     ; 1.0                     ; 4573 MB             ; 00:00:01                           ;
; Fitter                    ; 00:00:04     ; 1.0                     ; 4861 MB             ; 00:00:04                           ;
; TimeQuest Timing Analyzer ; 00:00:01     ; 1.0                     ; 4576 MB             ; 00:00:01                           ;
; Total                     ; 00:00:06     ; --                      ; --                  ; 00:00:06                           ;
+---------------------------+--------------+-------------------------+---------------------+------------------------------------+


+----------------------------------------------------------------------------------------+
; Flow OS Summary                                                                        ;
+---------------------------+------------------+-----------+------------+----------------+
; Module Name               ; Machine Hostname ; OS Name   ; OS Version ; Processor type ;
+---------------------------+------------------+-----------+------------+----------------+
; Analysis & Synthesis      ; Nozomi           ; Windows 7 ; 6.2        ; x86_64         ;
; Fitter                    ; Nozomi           ; Windows 7 ; 6.2        ; x86_64         ;
; TimeQuest Timing Analyzer ; Nozomi           ; Windows 7 ; 6.2        ; x86_64         ;
+---------------------------+------------------+-----------+------------+----------------+


------------
; Flow Log ;
------------
quartus_map --read_settings_files=on --write_settings_files=off mux8 -c mux8
quartus_fit --read_settings_files=on --write_settings_files=off mux8 -c mux8
quartus_sta mux8 -c mux8



